{"level":"info","message":"Running on port 3000!"}
{"level":"info","message":"Running on port 3000!"}
{"level":"info","message":"Running on port 3000!"}
{"level":"info","message":"MySql connected..."}
{"level":"info","message":"Running on port 3000!"}
{"level":"info","message":"MySql connected..."}
{"level":"info","message":"Running on port 3000!"}
{"level":"info","message":"MySql connected..."}
{"level":"info","message":"Running on port 3000!"}
{"level":"info","message":"MySql connected..."}
{"level":"error","message":"error"}
{"level":"warn","message":"warn"}
{"level":"info","message":"info"}
{"level":"info","message":"Running on port 3000!"}
{"level":"info","message":"MySql connected..."}
{"level":"error","message":"error"}
{"level":"warn","message":"warn"}
{"level":"info","message":"info"}
{"level":"info","message":"Running on port 3000!"}
{"level":"info","message":"MySql connected..."}
