2022-10-08T18:47:37.376Z - [ERROR  ] - error logs are being displayed
2022-10-08T18:47:37.376Z - [WARN   ] - warn logs are being displayed
2022-10-08T18:47:37.376Z - [INFO   ] - info logs are being displayed
2022-10-08T18:47:37.379Z - [INFO   ] - Running on port 3000!
2022-10-08T18:47:37.389Z - [INFO   ] - MySql is connected successfully
2022-10-08T18:48:04.624Z - [ERROR  ] - error logs are being displayed
2022-10-08T18:48:04.624Z - [WARN   ] - warn logs are being displayed
2022-10-08T18:48:04.624Z - [INFO   ] - info logs are being displayed
2022-10-08T18:48:04.627Z - [INFO   ] - Running on port 3000!
2022-10-08T18:48:04.634Z - [INFO   ] - MySql is connected successfully
2022-10-08T18:48:21.873Z - [ERROR  ] - error logs are being displayed
2022-10-08T18:48:21.874Z - [WARN   ] - warn logs are being displayed
2022-10-08T18:48:21.874Z - [INFO   ] - info logs are being displayed
2022-10-08T18:48:21.879Z - [INFO   ] - Running on port 3000!
2022-10-08T18:48:21.887Z - [INFO   ] - MySql is connected successfully
2022-10-08T18:48:38.240Z - [ERROR  ] - error logs are being displayed
2022-10-08T18:48:38.241Z - [WARN   ] - warn logs are being displayed
2022-10-08T18:48:38.241Z - [INFO   ] - info logs are being displayed
2022-10-08T18:48:38.810Z - [INFO   ] - Running on port 3000!
2022-10-08T18:48:38.818Z - [INFO   ] - MySql is connected successfully
2022-10-08T18:48:45.568Z - [ERROR  ] - error logs are being displayed
2022-10-08T18:48:45.569Z - [WARN   ] - warn logs are being displayed
2022-10-08T18:48:45.569Z - [INFO   ] - info logs are being displayed
2022-10-08T18:48:46.081Z - [INFO   ] - Running on port 3000!
2022-10-08T18:48:46.086Z - [INFO   ] - MySql is connected successfully
2022-10-08T18:49:48.252Z - [ERROR  ] - error logs are being displayed
2022-10-08T18:49:48.253Z - [WARN   ] - warn logs are being displayed
2022-10-08T18:49:48.254Z - [INFO   ] - info logs are being displayed
2022-10-08T18:49:48.872Z - [INFO   ] - Running on port 3000!
2022-10-08T18:49:48.877Z - [INFO   ] - MySql is connected successfully
2022-10-08T18:50:11.395Z - [ERROR  ] - error logs are being displayed
2022-10-08T18:50:11.396Z - [WARN   ] - warn logs are being displayed
2022-10-08T18:50:11.397Z - [INFO   ] - info logs are being displayed
2022-10-08T18:50:11.939Z - [INFO   ] - Running on port 3000!
2022-10-08T18:50:11.944Z - [INFO   ] - MySql is connected successfully
2022-10-08T18:51:20.578Z - [ERROR  ] - error logs are being displayed
2022-10-08T18:51:20.579Z - [WARN   ] - warn logs are being displayed
2022-10-08T18:51:20.580Z - [INFO   ] - info logs are being displayed
2022-10-08T18:51:21.172Z - [INFO   ] - Running on port 3000!
2022-10-08T18:51:21.177Z - [INFO   ] - MySql is connected successfully
2022-10-08T18:51:25.964Z - [INFO   ] - [object Object],[object Object]
2022-10-08T18:52:25.432Z - [ERROR  ] - error logs are being displayed
2022-10-08T18:52:25.433Z - [WARN   ] - warn logs are being displayed
2022-10-08T18:52:25.433Z - [INFO   ] - info logs are being displayed
2022-10-08T18:52:26.033Z - [INFO   ] - Running on port 3000!
2022-10-08T18:52:26.044Z - [INFO   ] - MySql is connected successfully
2022-10-08T18:52:29.442Z - [INFO   ] - [object Object],[object Object]
2022-10-08T18:52:46.392Z - [ERROR  ] - error logs are being displayed
2022-10-08T18:52:46.393Z - [WARN   ] - warn logs are being displayed
2022-10-08T18:52:46.393Z - [INFO   ] - info logs are being displayed
2022-10-08T18:52:46.957Z - [INFO   ] - Running on port 3000!
2022-10-08T18:52:46.961Z - [INFO   ] - MySql is connected successfully
2022-10-08T18:56:36.975Z - [ERROR  ] - error logs are being displayed
2022-10-08T18:56:36.976Z - [WARN   ] - warn logs are being displayed
2022-10-08T18:56:36.977Z - [INFO   ] - info logs are being displayed
2022-10-08T18:56:37.652Z - [INFO   ] - Running on port 3000!
2022-10-08T18:56:37.659Z - [INFO   ] - MySql is connected successfully
2022-10-08T18:59:21.678Z - [ERROR  ] - error logs are being displayed
2022-10-08T18:59:21.679Z - [WARN   ] - warn logs are being displayed
2022-10-08T18:59:21.680Z - [INFO   ] - info logs are being displayed
2022-10-08T18:59:22.295Z - [INFO   ] - Running on port 3000!
2022-10-08T18:59:22.305Z - [INFO   ] - MySql is connected successfully
2022-10-08T18:59:35.438Z - [ERROR  ] - error logs are being displayed
2022-10-08T18:59:35.439Z - [WARN   ] - warn logs are being displayed
2022-10-08T18:59:35.439Z - [INFO   ] - info logs are being displayed
2022-10-08T18:59:35.995Z - [INFO   ] - Running on port 3000!
2022-10-08T18:59:36.001Z - [INFO   ] - MySql is connected successfully
2022-10-08T18:59:41.028Z - [ERROR  ] - error logs are being displayed
2022-10-08T18:59:41.029Z - [WARN   ] - warn logs are being displayed
2022-10-08T18:59:41.029Z - [INFO   ] - info logs are being displayed
2022-10-08T18:59:41.610Z - [INFO   ] - Running on port 3000!
2022-10-08T18:59:41.616Z - [INFO   ] - MySql is connected successfully
2022-10-08T18:59:53.920Z - [ERROR  ] - error logs are being displayed
2022-10-08T18:59:53.921Z - [WARN   ] - warn logs are being displayed
2022-10-08T18:59:53.921Z - [INFO   ] - info logs are being displayed
2022-10-08T18:59:54.517Z - [INFO   ] - Running on port 3000!
2022-10-08T18:59:54.522Z - [INFO   ] - MySql is connected successfully
2022-10-08T19:00:01.705Z - [ERROR  ] - error logs are being displayed
2022-10-08T19:00:01.708Z - [WARN   ] - warn logs are being displayed
2022-10-08T19:00:01.708Z - [INFO   ] - info logs are being displayed
2022-10-08T19:00:02.386Z - [INFO   ] - Running on port 3000!
2022-10-08T19:00:02.393Z - [INFO   ] - MySql is connected successfully
2022-10-08T19:07:49.747Z - [ERROR  ] - error logs are being displayed
2022-10-08T19:07:49.748Z - [WARN   ] - warn logs are being displayed
2022-10-08T19:07:49.748Z - [INFO   ] - info logs are being displayed
2022-10-08T19:07:50.391Z - [INFO   ] - Running on port 3000!
2022-10-08T19:07:50.400Z - [INFO   ] - MySql is connected successfully
2022-10-08T19:08:37.530Z - [ERROR  ] - error logs are being displayed
2022-10-08T19:08:37.531Z - [WARN   ] - warn logs are being displayed
2022-10-08T19:08:37.531Z - [INFO   ] - info logs are being displayed
2022-10-08T19:08:38.147Z - [INFO   ] - Running on port 3000!
2022-10-08T19:08:38.152Z - [INFO   ] - MySql is connected successfully
2022-10-08T19:09:11.277Z - [ERROR  ] - error logs are being displayed
2022-10-08T19:09:11.278Z - [WARN   ] - warn logs are being displayed
2022-10-08T19:09:11.278Z - [INFO   ] - info logs are being displayed
2022-10-08T19:09:11.882Z - [INFO   ] - Running on port 3000!
2022-10-08T19:09:11.887Z - [INFO   ] - MySql is connected successfully
2022-10-08T19:10:27.591Z - [ERROR  ] - error logs are being displayed
2022-10-08T19:10:27.593Z - [WARN   ] - warn logs are being displayed
2022-10-08T19:10:27.593Z - [INFO   ] - info logs are being displayed
2022-10-08T19:10:28.237Z - [INFO   ] - Running on port 3000!
2022-10-08T19:10:28.245Z - [INFO   ] - MySql is connected successfully
2022-10-08T19:12:28.376Z - [ERROR  ] - error logs are being displayed
2022-10-08T19:12:28.377Z - [WARN   ] - warn logs are being displayed
2022-10-08T19:12:28.377Z - [INFO   ] - info logs are being displayed
2022-10-08T19:12:28.982Z - [INFO   ] - Running on port 3000!
2022-10-08T19:12:28.986Z - [INFO   ] - MySql is connected successfully
2022-10-08T19:12:29.980Z - [INFO   ] - testing
2022-10-08T19:13:38.680Z - [ERROR  ] - error logs are being displayed
2022-10-08T19:13:38.681Z - [WARN   ] - warn logs are being displayed
2022-10-08T19:13:38.682Z - [INFO   ] - info logs are being displayed
2022-10-08T19:13:39.286Z - [INFO   ] - Running on port 3000!
2022-10-08T19:13:39.292Z - [INFO   ] - MySql is connected successfully
2022-10-08T19:13:57.283Z - [ERROR  ] - error logs are being displayed
2022-10-08T19:13:57.284Z - [WARN   ] - warn logs are being displayed
2022-10-08T19:13:57.284Z - [INFO   ] - info logs are being displayed
2022-10-08T19:13:57.860Z - [INFO   ] - Running on port 3000!
2022-10-08T19:13:57.865Z - [INFO   ] - MySql is connected successfully
2022-10-08T19:14:51.414Z - [ERROR  ] - error logs are being displayed
2022-10-08T19:14:51.415Z - [WARN   ] - warn logs are being displayed
2022-10-08T19:14:51.416Z - [INFO   ] - info logs are being displayed
2022-10-08T19:14:52.038Z - [INFO   ] - Running on port 3000!
2022-10-08T19:14:52.042Z - [INFO   ] - MySql is connected successfully
2022-10-08T19:14:53.031Z - [INFO   ] - Testing
2022-10-08T19:15:27.322Z - [ERROR  ] - error logs are being displayed
2022-10-08T19:15:27.323Z - [WARN   ] - warn logs are being displayed
2022-10-08T19:15:27.323Z - [INFO   ] - info logs are being displayed
2022-10-08T19:15:27.917Z - [INFO   ] - Running on port 3000!
2022-10-08T19:15:27.922Z - [INFO   ] - MySql is connected successfully
2022-10-08T19:16:48.753Z - [ERROR  ] - error logs are being displayed
2022-10-08T19:16:48.754Z - [WARN   ] - warn logs are being displayed
2022-10-08T19:16:48.755Z - [INFO   ] - info logs are being displayed
2022-10-08T19:16:49.339Z - [INFO   ] - Running on port 3000!
2022-10-08T19:16:50.355Z - [INFO   ] - MySql is connected successfully
2022-10-08T19:17:02.979Z - [ERROR  ] - error logs are being displayed
2022-10-08T19:17:02.980Z - [WARN   ] - warn logs are being displayed
2022-10-08T19:17:02.980Z - [INFO   ] - info logs are being displayed
2022-10-08T19:17:03.547Z - [INFO   ] - Running on port 3000!
2022-10-08T19:17:04.560Z - [INFO   ] - MySql is connected successfully
2022-10-08T19:17:26.962Z - [ERROR  ] - error logs are being displayed
2022-10-08T19:17:26.963Z - [WARN   ] - warn logs are being displayed
2022-10-08T19:17:26.963Z - [INFO   ] - info logs are being displayed
2022-10-08T19:17:27.564Z - [INFO   ] - Running on port 3000!
2022-10-08T19:17:28.574Z - [INFO   ] - MySql is connected successfully
2022-10-08T19:17:43.363Z - [ERROR  ] - error logs are being displayed
2022-10-08T19:17:43.364Z - [WARN   ] - warn logs are being displayed
2022-10-08T19:17:43.365Z - [INFO   ] - info logs are being displayed
2022-10-08T19:17:43.936Z - [INFO   ] - Running on port 3000!
2022-10-08T19:17:44.947Z - [INFO   ] - MySql is connected successfully
2022-10-08T19:18:13.324Z - [ERROR  ] - error logs are being displayed
2022-10-08T19:18:13.325Z - [WARN   ] - warn logs are being displayed
2022-10-08T19:18:13.326Z - [INFO   ] - info logs are being displayed
2022-10-08T19:18:13.933Z - [INFO   ] - Running on port 3000!
2022-10-08T19:18:14.940Z - [INFO   ] - DB connected in: 
2022-10-08T19:18:14.945Z - [INFO   ] - MySql is connected successfully
2022-10-08T19:18:49.271Z - [ERROR  ] - error logs are being displayed
2022-10-08T19:18:49.272Z - [WARN   ] - warn logs are being displayed
2022-10-08T19:18:49.272Z - [INFO   ] - info logs are being displayed
2022-10-08T19:18:49.866Z - [INFO   ] - Running on port 3000!
2022-10-08T19:18:50.872Z - [INFO   ] - DB connected in: 8 miliseconds
2022-10-08T19:18:50.880Z - [INFO   ] - MySql is connected successfully
2022-10-08T19:19:27.716Z - [ERROR  ] - error logs are being displayed
2022-10-08T19:19:27.718Z - [WARN   ] - warn logs are being displayed
2022-10-08T19:19:27.718Z - [INFO   ] - info logs are being displayed
2022-10-08T19:19:28.309Z - [INFO   ] - Running on port 3000!
2022-10-08T19:19:29.307Z - [INFO   ] - DB connected in: 4 miliseconds
2022-10-08T19:19:29.312Z - [INFO   ] - MySql is connected successfully
2022-10-08T19:19:35.099Z - [ERROR  ] - error logs are being displayed
2022-10-08T19:19:35.100Z - [WARN   ] - warn logs are being displayed
2022-10-08T19:19:35.100Z - [INFO   ] - info logs are being displayed
2022-10-08T19:19:35.648Z - [INFO   ] - Running on port 3000!
2022-10-08T19:19:36.654Z - [INFO   ] - DB connected in: 8 miliseconds
2022-10-08T19:19:36.661Z - [INFO   ] - MySql is connected successfully
2022-10-08T19:20:42.671Z - [ERROR  ] - error logs are being displayed
2022-10-08T19:20:42.672Z - [WARN   ] - warn logs are being displayed
2022-10-08T19:20:42.673Z - [INFO   ] - info logs are being displayed
2022-10-08T19:20:43.308Z - [INFO   ] - Running on port 3000!
2022-10-08T19:20:44.313Z - [INFO   ] - DB connected in: 8 miliseconds
2022-10-08T19:20:44.313Z - [WARN   ] - DB is overloaded
2022-10-08T19:20:44.320Z - [INFO   ] - MySql is connected successfully
